<?xml version="1.0" encoding="utf-8"?><testsuites name="pytest tests"><testsuite name="pytest" errors="0" failures="0" skipped="0" tests="18" time="1.723" timestamp="2026-06-24T08:23:19.236361+00:00" hostname="agent-env-0e56ad5a-9866-4f5a-91d0-4dd49d46f9cb"><testcase classname="backend.tests.test_labs_api" name="test_root" time="0.218" /><testcase classname="backend.tests.test_labs_api.TestToday" name="test_today_shape" time="0.060" /><testcase classname="backend.tests.test_labs_api" name="test_biomarker_endpoints[siga-\xb5g/mL]" time="0.046" /><testcase classname="backend.tests.test_labs_api" name="test_biomarker_endpoints[cortisol-nmol/L]" time="0.043" /><testcase classname="backend.tests.test_labs_api" name="test_biomarker_endpoints[testosterone-pg/mL]" time="0.045" /><testcase classname="backend.tests.test_labs_api" name="test_biomarker_endpoints[creatinine-mg/dL]" time="0.044" /><testcase classname="backend.tests.test_labs_api" name="test_biomarker_invalid_returns_422" time="0.082" /><testcase classname="backend.tests.test_labs_api" name="test_trends[2w-10]" time="0.131" /><testcase classname="backend.tests.test_labs_api" name="test_trends[6w-30]" time="0.045" /><testcase classname="backend.tests.test_labs_api" name="test_trends[3m-70]" time="0.046" /><testcase classname="backend.tests.test_labs_api.TestInvie" name="test_insight" time="0.046" /><testcase classname="backend.tests.test_labs_api.TestInvie" name="test_chat_intents[why is my readiness low-readiness]" time="0.046" /><testcase classname="backend.tests.test_labs_api.TestInvie" name="test_chat_intents[what does my siga mean-sIgA]" time="0.043" /><testcase classname="backend.tests.test_labs_api.TestInvie" name="test_chat_intents[should I train hard today-None]" time="0.084" /><testcase classname="backend.tests.test_labs_api.TestInvie" name="test_chat_empty_message_rejected" time="0.044" /><testcase classname="backend.tests.test_labs_api.TestVault" name="test_vault_sources" time="0.050" /><testcase classname="backend.tests.test_labs_api.TestOnboarding" name="test_onboarding_updates_athlete_and_apple_health" time="0.273" /><testcase classname="backend.tests.test_labs_api.TestOnboarding" name="test_onboarding_validates_input" time="0.185" /></testsuite></testsuites>